[debug] [2022-10-11T10:49:02.759Z] ----------------------------------------------------------------------
[debug] [2022-10-11T10:49:02.760Z] Command:       /Users/parteekkumar/.nvm/versions/node/v16.6.2/bin/node /Users/parteekkumar/.nvm/versions/node/v16.6.2/bin/firebase init
[debug] [2022-10-11T10:49:02.760Z] CLI Version:   10.2.2
[debug] [2022-10-11T10:49:02.760Z] Platform:      darwin
[debug] [2022-10-11T10:49:02.760Z] Node Version:  v16.6.2
[debug] [2022-10-11T10:49:02.762Z] Time:          Tue Oct 11 2022 16:19:02 GMT+0530 (India Standard Time)
[debug] [2022-10-11T10:49:02.762Z] ----------------------------------------------------------------------
[debug] 
[debug] [2022-10-11T10:49:02.763Z] >>> [apiv2][query] GET https://firebase-public.firebaseio.com/cli.json [none]
[debug] [2022-10-11T10:49:02.777Z] > command requires scopes: ["email","openid","https://www.googleapis.com/auth/cloudplatformprojects.readonly","https://www.googleapis.com/auth/firebase","https://www.googleapis.com/auth/cloud-platform"]
[debug] [2022-10-11T10:49:02.778Z] > authorizing via signed-in user (oberoi.parteek@gmail.com)
[info] 
     ######## #### ########  ######## ########     ###     ######  ########
     ##        ##  ##     ## ##       ##     ##  ##   ##  ##       ##
     ######    ##  ########  ######   ########  #########  ######  ######
     ##        ##  ##    ##  ##       ##     ## ##     ##       ## ##
     ##       #### ##     ## ######## ########  ##     ##  ######  ########

You're about to initialize a Firebase project in this directory:

  /Users/parteekkumar/Desktop/react-workspace/github-issues-clone

[debug] [2022-10-11T10:49:03.424Z] <<< [apiv2][status] GET https://firebase-public.firebaseio.com/cli.json 200
[debug] [2022-10-11T10:49:03.424Z] <<< [apiv2][body] GET https://firebase-public.firebaseio.com/cli.json {"cloudBuildErrorAfter":1594252800000,"cloudBuildWarnAfter":1590019200000,"defaultNode10After":1594252800000,"minVersion":"3.0.5","node8DeploysDisabledAfter":1613390400000,"node8RuntimeDisabledAfter":1615809600000,"node8WarnAfter":1600128000000}
[debug] [2022-10-11T10:50:43.620Z] ----------------------------------------------------------------------
[debug] [2022-10-11T10:50:43.621Z] Command:       /Users/parteekkumar/.nvm/versions/node/v16.6.2/bin/node /Users/parteekkumar/.nvm/versions/node/v16.6.2/bin/firebase init hosting:github
[debug] [2022-10-11T10:50:43.621Z] CLI Version:   10.2.2
[debug] [2022-10-11T10:50:43.621Z] Platform:      darwin
[debug] [2022-10-11T10:50:43.621Z] Node Version:  v16.6.2
[debug] [2022-10-11T10:50:43.625Z] Time:          Tue Oct 11 2022 16:20:43 GMT+0530 (India Standard Time)
[debug] [2022-10-11T10:50:43.625Z] ----------------------------------------------------------------------
[debug] 
[debug] [2022-10-11T10:50:43.627Z] > command requires scopes: ["email","openid","https://www.googleapis.com/auth/cloudplatformprojects.readonly","https://www.googleapis.com/auth/firebase","https://www.googleapis.com/auth/cloud-platform"]
[debug] [2022-10-11T10:50:43.628Z] > authorizing via signed-in user (oberoi.parteek@gmail.com)
[info] 
     ######## #### ########  ######## ########     ###     ######  ########
     ##        ##  ##     ## ##       ##     ##  ##   ##  ##       ##
     ######    ##  ########  ######   ########  #########  ######  ######
     ##        ##  ##    ##  ##       ##     ## ##     ##       ## ##
     ##       #### ##     ## ######## ########  ##     ##  ######  ########

You're about to initialize a Firebase project in this directory:

  /Users/parteekkumar/Desktop/react-workspace/github-issues-clone

[info] 
=== Project Setup
[info] 
[info] First, let's associate this project directory with a Firebase project.
[info] You can create multiple project aliases by running firebase use --add, 
[info] but for now we'll just set up a default project.
[info] 
[debug] [2022-10-11T10:50:58.868Z] > refreshing access token with scopes: []
[debug] [2022-10-11T10:50:58.869Z] >>> HTTP REQUEST POST https://www.googleapis.com/oauth2/v3/token  
 <request body omitted>
[debug] [2022-10-11T10:50:59.208Z] <<< HTTP RESPONSE 400 {"cache-control":"no-cache, no-store, max-age=0, must-revalidate","pragma":"no-cache","expires":"Mon, 01 Jan 1990 00:00:00 GMT","date":"Tue, 11 Oct 2022 10:50:59 GMT","content-type":"application/json; charset=utf-8","vary":"X-Origin, Referer, Origin,Accept-Encoding","server":"scaffolding on HTTPServer2","x-xss-protection":"0","x-frame-options":"SAMEORIGIN","x-content-type-options":"nosniff","alt-svc":"h3=\":443\"; ma=2592000,h3-29=\":443\"; ma=2592000,h3-Q050=\":443\"; ma=2592000,h3-Q046=\":443\"; ma=2592000,h3-Q043=\":443\"; ma=2592000,quic=\":443\"; ma=2592000; v=\"46,43\"","accept-ranges":"none","transfer-encoding":"chunked"}
[debug] [2022-10-11T10:50:59.213Z] >>> [apiv2][query] GET https://firebase.googleapis.com/v1beta1/projects pageSize=100
[debug] [2022-10-11T10:50:59.580Z] <<< [apiv2][status] GET https://firebase.googleapis.com/v1beta1/projects 401
[debug] [2022-10-11T10:50:59.580Z] <<< [apiv2][body] GET https://firebase.googleapis.com/v1beta1/projects [omitted]
[debug] [2022-10-11T10:50:59.581Z] HTTP Error: 401, Request had invalid authentication credentials. Expected OAuth 2 access token, login cookie or other valid authentication credential. See https://developers.google.com/identity/sign-in/web/devconsole-project.
[debug] [2022-10-11T10:50:59.884Z] FirebaseError: HTTP Error: 401, Request had invalid authentication credentials. Expected OAuth 2 access token, login cookie or other valid authentication credential. See https://developers.google.com/identity/sign-in/web/devconsole-project.
    at module.exports (/Users/parteekkumar/.nvm/versions/node/v16.6.2/lib/node_modules/firebase-tools/lib/responseToError.js:47:12)
    at RetryOperation._fn (/Users/parteekkumar/.nvm/versions/node/v16.6.2/lib/node_modules/firebase-tools/lib/apiv2.js:286:39)
    at processTicksAndRejections (node:internal/process/task_queues:96:5)
[error] 
[error] Error: Failed to list Firebase projects. See firebase-debug.log for more info.
[debug] [2022-10-11T10:51:07.004Z] ----------------------------------------------------------------------
[debug] [2022-10-11T10:51:07.005Z] Command:       /Users/parteekkumar/.nvm/versions/node/v16.6.2/bin/node /Users/parteekkumar/.nvm/versions/node/v16.6.2/bin/firebase init hosting:github
[debug] [2022-10-11T10:51:07.005Z] CLI Version:   10.2.2
[debug] [2022-10-11T10:51:07.005Z] Platform:      darwin
[debug] [2022-10-11T10:51:07.005Z] Node Version:  v16.6.2
[debug] [2022-10-11T10:51:07.005Z] Time:          Tue Oct 11 2022 16:21:07 GMT+0530 (India Standard Time)
[debug] [2022-10-11T10:51:07.005Z] ----------------------------------------------------------------------
[debug] 
[debug] [2022-10-11T10:51:07.008Z] > command requires scopes: ["email","openid","https://www.googleapis.com/auth/cloudplatformprojects.readonly","https://www.googleapis.com/auth/firebase","https://www.googleapis.com/auth/cloud-platform"]
[debug] [2022-10-11T10:51:07.008Z] > authorizing via signed-in user (oberoi.parteek@gmail.com)
[info] 
     ######## #### ########  ######## ########     ###     ######  ########
     ##        ##  ##     ## ##       ##     ##  ##   ##  ##       ##
     ######    ##  ########  ######   ########  #########  ######  ######
     ##        ##  ##    ##  ##       ##     ## ##     ##       ## ##
     ##       #### ##     ## ######## ########  ##     ##  ######  ########

You're about to initialize a Firebase project in this directory:

  /Users/parteekkumar/Desktop/react-workspace/github-issues-clone

[info] 
=== Project Setup
[info] 
[info] First, let's associate this project directory with a Firebase project.
[info] You can create multiple project aliases by running firebase use --add, 
[info] but for now we'll just set up a default project.
[info] 
[info] i  If you want to create a project in a Google Cloud organization or folder, please use "firebase projects:create" instead, and return to this command when you've created the project. 
[debug] [2022-10-11T10:51:27.852Z] > refreshing access token with scopes: ["email","https://www.googleapis.com/auth/cloud-platform","https://www.googleapis.com/auth/cloudplatformprojects.readonly","https://www.googleapis.com/auth/firebase","openid"]
[debug] [2022-10-11T10:51:27.852Z] >>> HTTP REQUEST POST https://www.googleapis.com/oauth2/v3/token  
 <request body omitted>
[debug] [2022-10-11T10:51:28.224Z] <<< HTTP RESPONSE 400 {"cache-control":"no-cache, no-store, max-age=0, must-revalidate","pragma":"no-cache","expires":"Mon, 01 Jan 1990 00:00:00 GMT","date":"Tue, 11 Oct 2022 10:51:28 GMT","content-type":"application/json; charset=utf-8","vary":"X-Origin, Referer, Origin,Accept-Encoding","server":"scaffolding on HTTPServer2","x-xss-protection":"0","x-frame-options":"SAMEORIGIN","x-content-type-options":"nosniff","alt-svc":"h3=\":443\"; ma=2592000,h3-29=\":443\"; ma=2592000,h3-Q050=\":443\"; ma=2592000,h3-Q046=\":443\"; ma=2592000,h3-Q043=\":443\"; ma=2592000,quic=\":443\"; ma=2592000; v=\"46,43\"","accept-ranges":"none","transfer-encoding":"chunked"}
[debug] [2022-10-11T10:51:28.227Z] >>> HTTP REQUEST POST https://cloudresourcemanager.googleapis.com/v1/projects  
 {"projectId":"github-issues-clone","name":"github-issues-clone"}
[debug] [2022-10-11T10:51:30.046Z] <<< HTTP RESPONSE 401 {"www-authenticate":"Bearer realm=\"https://accounts.google.com/\", error=\"invalid_token\"","vary":"X-Origin, Referer, Origin,Accept-Encoding","content-type":"application/json; charset=UTF-8","date":"Tue, 11 Oct 2022 10:51:30 GMT","server":"ESF","cache-control":"private","x-xss-protection":"0","x-frame-options":"SAMEORIGIN","x-content-type-options":"nosniff","server-timing":"gfet4t7; dur=1617","alt-svc":"h3=\":443\"; ma=2592000,h3-29=\":443\"; ma=2592000,h3-Q050=\":443\"; ma=2592000,h3-Q046=\":443\"; ma=2592000,h3-Q043=\":443\"; ma=2592000,quic=\":443\"; ma=2592000; v=\"46,43\"","accept-ranges":"none","transfer-encoding":"chunked"}
[debug] [2022-10-11T10:51:30.047Z] <<< HTTP RESPONSE BODY {"error":{"code":401,"message":"Request had invalid authentication credentials. Expected OAuth 2 access token, login cookie or other valid authentication credential. See https://developers.google.com/identity/sign-in/web/devconsole-project.","status":"UNAUTHENTICATED","details":[{"@type":"type.googleapis.com/google.rpc.ErrorInfo","reason":"ACCESS_TOKEN_TYPE_UNSUPPORTED","metadata":{"service":"cloudresourcemanager.googleapis.com","method":"google.cloudresourcemanager.v1.Projects.CreateProject"}}]}}
[debug] [2022-10-11T10:51:30.350Z] FirebaseError: HTTP Error: 401, Request had invalid authentication credentials. Expected OAuth 2 access token, login cookie or other valid authentication credential. See https://developers.google.com/identity/sign-in/web/devconsole-project.
    at module.exports (/Users/parteekkumar/.nvm/versions/node/v16.6.2/lib/node_modules/firebase-tools/lib/responseToError.js:47:12)
    at Request._callback (/Users/parteekkumar/.nvm/versions/node/v16.6.2/lib/node_modules/firebase-tools/lib/api.js:41:35)
    at Request.self.callback (/Users/parteekkumar/.nvm/versions/node/v16.6.2/lib/node_modules/firebase-tools/node_modules/request/request.js:185:22)
    at Request.emit (node:events:394:28)
    at Request.emit (node:domain:475:12)
    at Request.<anonymous> (/Users/parteekkumar/.nvm/versions/node/v16.6.2/lib/node_modules/firebase-tools/node_modules/request/request.js:1154:10)
    at Request.emit (node:events:394:28)
    at Request.emit (node:domain:475:12)
    at IncomingMessage.<anonymous> (/Users/parteekkumar/.nvm/versions/node/v16.6.2/lib/node_modules/firebase-tools/node_modules/request/request.js:1076:12)
    at Object.onceWrapper (node:events:513:28)
    at IncomingMessage.emit (node:events:406:35)
    at IncomingMessage.emit (node:domain:475:12)
    at endReadableNT (node:internal/streams/readable:1331:12)
    at processTicksAndRejections (node:internal/process/task_queues:83:21)
[error] 
[error] Error: Failed to create project. See firebase-debug.log for more info.
